f:\githubrepo\codekata\tennisscoreboard\debug\main.obj
f:\githubrepo\codekata\tennisscoreboard\debug\tennisscoreboard.obj
f:\githubrepo\codekata\tennisscoreboard\debug\vc100.pdb
f:\githubrepo\codekata\debug\tennisscoreboard.ilk
f:\githubrepo\codekata\debug\tennisscoreboard.exe
f:\githubrepo\codekata\tennisscoreboard\debug\tennisscoreboard.exe.intermediate.manifest
f:\githubrepo\codekata\debug\tennisscoreboard.pdb
f:\githubrepo\codekata\tennisscoreboard\debug\tennisscoreboard.exe.embed.manifest
f:\githubrepo\codekata\tennisscoreboard\debug\tennisscoreboard.exe.embed.manifest.res
f:\githubrepo\codekata\tennisscoreboard\debug\cl.command.1.tlog
f:\githubrepo\codekata\tennisscoreboard\debug\cl.read.1.tlog
f:\githubrepo\codekata\tennisscoreboard\debug\cl.write.1.tlog
f:\githubrepo\codekata\tennisscoreboard\debug\link-cvtres.read.1.tlog
f:\githubrepo\codekata\tennisscoreboard\debug\link-cvtres.write.1.tlog
f:\githubrepo\codekata\tennisscoreboard\debug\link.14676-cvtres.read.1.tlog
f:\githubrepo\codekata\tennisscoreboard\debug\link.14676-cvtres.write.1.tlog
f:\githubrepo\codekata\tennisscoreboard\debug\link.14676.read.1.tlog
f:\githubrepo\codekata\tennisscoreboard\debug\link.14676.read.2.tlog
f:\githubrepo\codekata\tennisscoreboard\debug\link.14676.write.1.tlog
f:\githubrepo\codekata\tennisscoreboard\debug\link.3924-cvtres.read.1.tlog
f:\githubrepo\codekata\tennisscoreboard\debug\link.3924-cvtres.write.1.tlog
f:\githubrepo\codekata\tennisscoreboard\debug\link.3924.read.1.tlog
f:\githubrepo\codekata\tennisscoreboard\debug\link.3924.read.2.tlog
f:\githubrepo\codekata\tennisscoreboard\debug\link.3924.write.1.tlog
f:\githubrepo\codekata\tennisscoreboard\debug\link.9016-cvtres.read.1.tlog
f:\githubrepo\codekata\tennisscoreboard\debug\link.9016-cvtres.write.1.tlog
f:\githubrepo\codekata\tennisscoreboard\debug\link.9016.read.1.tlog
f:\githubrepo\codekata\tennisscoreboard\debug\link.9016.read.2.tlog
f:\githubrepo\codekata\tennisscoreboard\debug\link.9016.write.1.tlog
f:\githubrepo\codekata\tennisscoreboard\debug\link.command.1.tlog
f:\githubrepo\codekata\tennisscoreboard\debug\link.read.1.tlog
f:\githubrepo\codekata\tennisscoreboard\debug\link.read.2.tlog
f:\githubrepo\codekata\tennisscoreboard\debug\link.write.1.tlog
f:\githubrepo\codekata\tennisscoreboard\debug\mt.command.1.tlog
f:\githubrepo\codekata\tennisscoreboard\debug\mt.read.1.tlog
f:\githubrepo\codekata\tennisscoreboard\debug\mt.write.1.tlog
f:\githubrepo\codekata\tennisscoreboard\debug\rc.command.1.tlog
f:\githubrepo\codekata\tennisscoreboard\debug\rc.read.1.tlog
f:\githubrepo\codekata\tennisscoreboard\debug\rc.write.1.tlog
f:\githubrepo\codekata\tennisscoreboard\debug\vc100.idb
f:\githubrepo\codekata\tennisscoreboard\debug\tennisscoreboard_manifest.rc
